<?xml version="1.0" encoding="UTF-8"?>
<!-- Generated by org.testng.reporters.JUnitReportReporter -->
<testsuite hostname="LAPTOP-KKG1FK9R" failures="0" tests="2" name="demoJenkins.LoginValidation" time="1.612" errors="0" timestamp="2020-01-30T15:11:48 TST" skipped="0">
  <testcase classname="demoJenkins.LoginValidation" name="test9" time="0.711"/>
  <testcase classname="demoJenkins.LoginValidation" name="test10" time="0.901"/>
</testsuite> <!-- demoJenkins.LoginValidation -->
