<?xml version="1.0" encoding="UTF-8"?>
<!-- Generated by org.testng.reporters.JUnitReportReporter -->
<testsuite hostname="LAPTOP-KKG1FK9R" failures="0" tests="1" name="demoJenkins.ReadWriteExcel" time="5.242" errors="0" timestamp="2020-01-22T16:13:09 TST" skipped="0">
  <testcase classname="demoJenkins.ReadWriteExcel" name="ReadData" time="5.242"/>
</testsuite> <!-- demoJenkins.ReadWriteExcel -->
