<?xml version="1.0" encoding="UTF-8"?>
<!-- Generated by org.testng.reporters.JUnitReportReporter -->
<testsuite hostname="LAPTOP-KKG1FK9R" failures="0" tests="1" name="demoJenkins.LoginValidation" time="0.750" errors="0" timestamp="2020-01-22T13:54:47 TST" skipped="0">
  <testcase classname="demoJenkins.LoginValidation" name="test9" time="0.750"/>
</testsuite> <!-- demoJenkins.LoginValidation -->
