<?xml version="1.0" encoding="UTF-8"?>
<!-- Generated by org.testng.reporters.JUnitReportReporter -->
<testsuite hostname="LAPTOP-KKG1FK9R" failures="0" tests="2" name="demoJenkins.LoginValidation" time="1.566" errors="0" timestamp="2020-01-30T15:13:41 TST" skipped="0">
  <testcase classname="demoJenkins.LoginValidation" name="test9" time="0.644"/>
  <testcase classname="demoJenkins.LoginValidation" name="test10" time="0.922"/>
</testsuite> <!-- demoJenkins.LoginValidation -->
