<?xml version="1.0" encoding="UTF-8"?>
<!-- Generated by org.testng.reporters.JUnitReportReporter -->
<testsuite hostname="LAPTOP-KKG1FK9R" failures="0" tests="7" name="demoJenkins.LoginValidation" time="24.591" errors="0" timestamp="2020-01-21T10:02:42 TST" skipped="0">
  <testcase classname="demoJenkins.LoginValidation" name="test9" time="1.546"/>
  <testcase classname="demoJenkins.LoginValidation" name="test10" time="0.903"/>
  <testcase classname="demoJenkins.LoginValidation" name="test11" time="1.416"/>
  <testcase classname="demoJenkins.LoginValidation" name="test12" time="0.300"/>
  <testcase classname="demoJenkins.LoginValidation" name="test13" time="1.024"/>
  <testcase classname="demoJenkins.LoginValidation" name="test14" time="16.143"/>
  <testcase classname="demoJenkins.LoginValidation" name="test15" time="3.259"/>
</testsuite> <!-- demoJenkins.LoginValidation -->
