<?xml version="1.0" encoding="UTF-8"?>
<!-- Generated by org.testng.reporters.JUnitReportReporter -->
<testsuite hostname="LAPTOP-KKG1FK9R" failures="0" tests="8" name="demoJenkins.RegisterValidation" time="12.937" errors="0" timestamp="2020-01-21T10:02:42 TST" skipped="0">
  <testcase classname="demoJenkins.RegisterValidation" name="test1" time="3.259"/>
  <testcase classname="demoJenkins.RegisterValidation" name="test2" time="0.508"/>
  <testcase classname="demoJenkins.RegisterValidation" name="test3" time="2.065"/>
  <testcase classname="demoJenkins.RegisterValidation" name="test4" time="2.196"/>
  <testcase classname="demoJenkins.RegisterValidation" name="test5" time="0.484"/>
  <testcase classname="demoJenkins.RegisterValidation" name="test6" time="1.503"/>
  <testcase classname="demoJenkins.RegisterValidation" name="test7" time="0.863"/>
  <testcase classname="demoJenkins.RegisterValidation" name="test8" time="2.059"/>
</testsuite> <!-- demoJenkins.RegisterValidation -->
